[debug] [2022-09-08T07:15:53.696Z] ----------------------------------------------------------------------
[debug] [2022-09-08T07:15:53.698Z] Command:       C:\Users\THULIB\Downloads\nodejs\node.exe C:\Users\THULIB\Downloads\nodejs\node_modules\firebase-tools\lib\bin\firebase.js init hosting
[debug] [2022-09-08T07:15:53.698Z] CLI Version:   11.8.0
[debug] [2022-09-08T07:15:53.698Z] Platform:      win32
[debug] [2022-09-08T07:15:53.698Z] Node Version:  v16.17.0
[debug] [2022-09-08T07:15:53.699Z] Time:          Thu Sep 08 2022 15:15:53 GMT+0800 (Taipei Standard Time)
[debug] [2022-09-08T07:15:53.699Z] ----------------------------------------------------------------------
[debug] 
[debug] [2022-09-08T07:15:53.705Z] > command requires scopes: ["email","openid","https://www.googleapis.com/auth/cloudplatformprojects.readonly","https://www.googleapis.com/auth/firebase","https://www.googleapis.com/auth/cloud-platform"]
[debug] [2022-09-08T07:15:53.705Z] > authorizing via signed-in user (wryancartie@gmail.com)
[info] 
     ######## #### ########  ######## ########     ###     ######  ########
     ##        ##  ##     ## ##       ##     ##  ##   ##  ##       ##
     ######    ##  ########  ######   ########  #########  ######  ######
     ##        ##  ##    ##  ##       ##     ## ##     ##       ## ##
     ##       #### ##     ## ######## ########  ##     ##  ######  ########

You're about to initialize a Firebase project in this directory:

  C:\Users\THULIB\Documents\GitHub\MERN-Fullstack-Application

[info] 
=== Project Setup
[info] 
[info] First, let's associate this project directory with a Firebase project.
[info] You can create multiple project aliases by running firebase use --add, 
[info] but for now we'll just set up a default project.
[info] 
[debug] [2022-09-08T07:16:12.308Z] >>> [apiv2][query] GET https://firebase.googleapis.com/v1beta1/projects pageSize=100
[debug] [2022-09-08T07:16:12.891Z] <<< [apiv2][status] GET https://firebase.googleapis.com/v1beta1/projects 200
[debug] [2022-09-08T07:16:12.891Z] <<< [apiv2][body] GET https://firebase.googleapis.com/v1beta1/projects [omitted]
[info] i  Using project mern-places-app-frontend-6ec1d (MERN-Places-App-Frontend) 
[info] 
=== Hosting Setup
[info] 
[info] Your public directory is the folder (relative to your project directory) that
[info] will contain Hosting assets to be uploaded with firebase deploy. If you
[info] have a build process for your assets, use your build's output directory.
[info] 
[debug] [2022-09-08T07:16:27.585Z] >>> [apiv2][query] GET https://www.gstatic.com/firebasejs/releases.json [none]
[debug] [2022-09-08T07:16:27.616Z] <<< [apiv2][status] GET https://www.gstatic.com/firebasejs/releases.json 200
[debug] [2022-09-08T07:16:27.617Z] <<< [apiv2][body] GET https://www.gstatic.com/firebasejs/releases.json {"current":{"version":"9.9.4","browserURL":"https://www.gstatic.com/firebasejs/9.9.4/firebase.js","packageURL":"https://www.gstatic.com/firebasejs/9.9.4/firebase.tgz"},"live":{"version":"9.9","browserURL":"https://www.gstatic.com/firebasejs/live/9.9/firebase.js","packageURL":"https://www.gstatic.com/firebasejs/live/9.9/firebase.tgz"},"components":{"analytics":"https://www.gstatic.com/firebasejs/9.9.4/firebase-analytics.js","app":"https://www.gstatic.com/firebasejs/9.9.4/firebase-app.js","app-check":"https://www.gstatic.com/firebasejs/9.9.4/firebase-app-check.js","auth":"https://www.gstatic.com/firebasejs/9.9.4/firebase-auth.js","auth/cordova":"https://www.gstatic.com/firebasejs/9.9.4/firebase-auth/cordova.js","auth/react-native":"https://www.gstatic.com/firebasejs/9.9.4/firebase-auth/react-native.js","functions":"https://www.gstatic.com/firebasejs/9.9.4/firebase-functions.js","firestore":"https://www.gstatic.com/firebasejs/9.9.4/firebase-firestore.js","firestore/lite":"https://www.gstatic.com/firebasejs/9.9.4/firebase-firestore/lite.js","installations":"https://www.gstatic.com/firebasejs/9.9.4/firebase-installations.js","storage":"https://www.gstatic.com/firebasejs/9.9.4/firebase-storage.js","performance":"https://www.gstatic.com/firebasejs/9.9.4/firebase-performance.js","remote-config":"https://www.gstatic.com/firebasejs/9.9.4/firebase-remote-config.js","messaging":"https://www.gstatic.com/firebasejs/9.9.4/firebase-messaging.js","messaging/sw":"https://www.gstatic.com/firebasejs/9.9.4/firebase-messaging/sw.js","database":"https://www.gstatic.com/firebasejs/9.9.4/firebase-database.js","firestore.memory":"https://www.gstatic.com/firebasejs/9.9.4/firebase-firestore.memory.js"}}
[info] i  Skipping write of public/index.html 
[info] 
[info] i  Detected a .git folder at C:\Users\THULIB\Documents\GitHub\MERN-Fullstack-Application 
[info] i  Authorizing with GitHub to upload your service account to a GitHub repository's secrets store. 
[info] 
[info] Visit this URL on this device to log in:
[info] https://github.com/login/oauth/authorize?client_id=89cf50f02ac6aaed3484&state=966713656&redirect_uri=http%3A%2F%2Flocalhost%3A9005&scope=read%3Auser%20repo%20public_repo
[info] 
[info] Waiting for authentication...
[debug] [2022-09-08T07:17:08.666Z] >>> [apiv2][query] POST https://github.com/login/oauth/access_token [none]
[debug] [2022-09-08T07:17:08.667Z] >>> [apiv2][body] POST https://github.com/login/oauth/access_token [stream]
[debug] [2022-09-08T07:17:09.085Z] <<< [apiv2][status] POST https://github.com/login/oauth/access_token 200
[debug] [2022-09-08T07:17:09.085Z] <<< [apiv2][body] POST https://github.com/login/oauth/access_token {"access_token":"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","token_type":"bearer","scope":"read:user,repo"}
[debug] [2022-09-08T07:17:09.095Z] >>> [apiv2][query] GET https://api.github.com/user [none]
[debug] [2022-09-08T07:17:09.533Z] <<< [apiv2][status] GET https://api.github.com/user 200
[debug] [2022-09-08T07:17:09.533Z] <<< [apiv2][body] GET https://api.github.com/user {"login":"WryanCartie","id":33276404,"node_id":"MDQ6VXNlcjMzMjc2NDA0","avatar_url":"https://avatars.githubusercontent.com/u/33276404?v=4","gravatar_id":"","url":"https://api.github.com/users/WryanCartie","html_url":"https://github.com/WryanCartie","followers_url":"https://api.github.com/users/WryanCartie/followers","following_url":"https://api.github.com/users/WryanCartie/following{/other_user}","gists_url":"https://api.github.com/users/WryanCartie/gists{/gist_id}","starred_url":"https://api.github.com/users/WryanCartie/starred{/owner}{/repo}","subscriptions_url":"https://api.github.com/users/WryanCartie/subscriptions","organizations_url":"https://api.github.com/users/WryanCartie/orgs","repos_url":"https://api.github.com/users/WryanCartie/repos","events_url":"https://api.github.com/users/WryanCartie/events{/privacy}","received_events_url":"https://api.github.com/users/WryanCartie/received_events","type":"User","site_admin":false,"name":"Wryan Cartie Halim","company":null,"blog":"","location":"Taichung, Taiwan","email":null,"hireable":null,"bio":null,"twitter_username":null,"public_repos":4,"public_gists":0,"followers":0,"following":0,"created_at":"2017-11-01T06:16:33Z","updated_at":"2022-08-23T02:42:58Z","private_gists":0,"total_private_repos":2,"owned_private_repos":2,"disk_usage":1963,"collaborators":0,"two_factor_authentication":false,"plan":{"name":"free","space":976562499,"collaborators":0,"private_repos":10000}}
[info] 
[info] +  Success! Logged into GitHub as WryanCartie 
[info] 
